<?xml version="1.0" encoding="UTF-8"?>
<!-- Generated by org.testng.reporters.JUnitReportReporter -->
<testsuite hostname="ocbstjew7lt" name="bst.cpo.automation.ds.tests.JoshTest" tests="1" failures="0" timestamp="26 Mar 2015 00:41:45 GMT" time="309.377" errors="0">
  <testcase name="BSTCPO_8751_Test" time="309.377" classname="bst.cpo.automation.ds.tests.JoshTest"/>
</testsuite> <!-- bst.cpo.automation.ds.tests.JoshTest -->
