<?xml version="1.0" encoding="UTF-8"?>
<!-- Generated by org.testng.reporters.JUnitReportReporter -->
<testsuite hostname="SAT-DUL-RUSSELL" name="bst.cpo.automation.ds.tests.RussTest" tests="1" failures="0" timestamp="12 Jun 2015 19:21:32 GMT" time="6.284" errors="0">
  <testcase name="DSDM_Test" time="6.284" classname="bst.cpo.automation.ds.tests.RussTest"/>
</testsuite> <!-- bst.cpo.automation.ds.tests.RussTest -->
