<?xml version="1.0" encoding="UTF-8"?>
<!-- Generated by org.testng.reporters.JUnitReportReporter -->
<testsuite hostname="SAT-DUL-RUSSELL" name="bst.cpo.automation.ds.tests.BasicUserTest" tests="6" failures="0" timestamp="22 Jun 2015 17:50:25 GMT" time="58.615" errors="0">
  <testcase name="DSDM_Test" time="32.613" classname="bst.cpo.automation.ds.tests.BasicUserTest"/>
  <testcase name="General_Tab_Test" time="4.446" classname="bst.cpo.automation.ds.tests.BasicUserTest"/>
  <testcase name="Open_Folder_Test" time="7.939" classname="bst.cpo.automation.ds.tests.BasicUserTest"/>
  <testcase name="Settings_Test" time="13.598" classname="bst.cpo.automation.ds.tests.BasicUserTest"/>
  <testcase name="Quota_Info_Test" time="0.014" classname="bst.cpo.automation.ds.tests.BasicUserTest"/>
  <testcase name="Get_Log_Time_Test" time="0.005" classname="bst.cpo.automation.ds.tests.BasicUserTest"/>
</testsuite> <!-- bst.cpo.automation.ds.tests.BasicUserTest -->
