<?xml version="1.0" encoding="UTF-8"?>
<!-- Generated by org.testng.reporters.JUnitReportReporter -->
<testsuite hostname="ocbstjew7lt" name="bst.cpo.automation.mobile.Appium" tests="1" failures="0" timestamp="13 Feb 2015 02:11:16 GMT" time="82.051" errors="0">
  <testcase name="Josh_Test" time="82.051" classname="bst.cpo.automation.mobile.Appium"/>
</testsuite> <!-- bst.cpo.automation.mobile.Appium -->
