<?xml version="1.0" encoding="UTF-8"?>
<!-- Generated by org.testng.reporters.JUnitReportReporter -->
<testsuite hostname="SAT-DUL-RUSSELL" name="bst.cpo.automation.dm.tests.BasicUserTest" tests="3" failures="0" timestamp="16 Apr 2015 14:23:52 GMT" time="36.290" errors="0">
  <testcase name="Navigation_Test" time="13.964" classname="bst.cpo.automation.dm.tests.BasicUserTest"/>
  <testcase name="Recently_UpdatedOther_Test" time="8.779" classname="bst.cpo.automation.dm.tests.BasicUserTest"/>
  <testcase name="Recently_Updated_Test" time="13.547" classname="bst.cpo.automation.dm.tests.BasicUserTest"/>
</testsuite> <!-- bst.cpo.automation.dm.tests.BasicUserTest -->
